# JRE version: Java(TM) SE Runtime Environment (11.0.6+8) (build 11.0.6+8-LTS)
# Java VM: Java HotSpot(TM) 64-Bit Server VM (11.0.6+8-LTS, mixed mode, tiered, compressed oops, g1 gc, windows-amd64)
Heap:
 garbage-first heap   total 131072K, used 43708K [0x0000000080000000, 0x0000000100000000)
  region size 1024K, 14 young (14336K), 5 survivors (5120K)
 Metaspace       used 49858K, capacity 51216K, committed 51280K, reserved 561152K
  class space    used 6431K, capacity 7014K, committed 7040K, reserved 516096K
GC Heap History (10 events):
Event: 148.300 GC heap before
{Heap before GC invocations=6 (full 0):
 garbage-first heap   total 131072K, used 67655K [0x0000000080000000, 0x0000000100000000)
  region size 1024K, 55 young (56320K), 6 survivors (6144K)
 Metaspace       used 26118K, capacity 26685K, committed 26880K, reserved 540672K
  class space    used 3350K, capacity 3559K, committed 3584K, reserved 516096K
}
Event: 148.310 GC heap after
{Heap after GC invocations=7 (full 0):
 garbage-first heap   total 131072K, used 19456K [0x0000000080000000, 0x0000000100000000)
  region size 1024K, 3 young (3072K), 3 survivors (3072K)
 Metaspace       used 26118K, capacity 26685K, committed 26880K, reserved 540672K
  class space    used 3350K, capacity 3559K, committed 3584K, reserved 516096K
}
Event: 192.441 GC heap before
{Heap before GC invocations=7 (full 0):
 garbage-first heap   total 131072K, used 79872K [0x0000000080000000, 0x0000000100000000)
  region size 1024K, 63 young (64512K), 3 survivors (3072K)
 Metaspace       used 35173K, capacity 35971K, committed 36048K, reserved 548864K
  class space    used 4525K, capacity 4832K, committed 4864K, reserved 516096K
}
Event: 192.454 GC heap after
{Heap after GC invocations=8 (full 0):
 garbage-first heap   total 131072K, used 22974K [0x0000000080000000, 0x0000000100000000)
  region size 1024K, 7 young (7168K), 7 survivors (7168K)
 Metaspace       used 35173K, capacity 35971K, committed 36048K, reserved 548864K
  class space    used 4525K, capacity 4832K, committed 4864K, reserved 516096K
}
Event: 213.341 GC heap before
{Heap before GC invocations=9 (full 0):
 garbage-first heap   total 131072K, used 88510K [0x0000000080000000, 0x0000000100000000)
  region size 1024K, 68 young (69632K), 7 survivors (7168K)
 Metaspace       used 40101K, capacity 40991K, committed 41296K, reserved 552960K
  class space    used 5076K, capacity 5413K, committed 5504K, reserved 516096K
}
Event: 213.360 GC heap after
{Heap after GC invocations=10 (full 0):
 garbage-first heap   total 131072K, used 28530K [0x0000000080000000, 0x0000000100000000)
  region size 1024K, 9 young (9216K), 9 survivors (9216K)
 Metaspace       used 40101K, capacity 40991K, committed 41296K, reserved 552960K
  class space    used 5076K, capacity 5413K, committed 5504K, reserved 516096K
}
Event: 346.972 GC heap before
{Heap before GC invocations=10 (full 0):
 garbage-first heap   total 131072K, used 89970K [0x0000000080000000, 0x0000000100000000)
  region size 1024K, 69 young (70656K), 9 survivors (9216K)
 Metaspace       used 44859K, capacity 46014K, committed 46160K, reserved 557056K
  class space    used 5701K, capacity 6175K, committed 6272K, reserved 516096K
}
Event: 346.989 GC heap after
{Heap after GC invocations=11 (full 0):
 garbage-first heap   total 131072K, used 31044K [0x0000000080000000, 0x0000000100000000)
  region size 1024K, 3 young (3072K), 3 survivors (3072K)
 Metaspace       used 44859K, capacity 46014K, committed 46160K, reserved 557056K
  class space    used 5701K, capacity 6175K, committed 6272K, reserved 516096K
}
Event: 366.978 GC heap before
{Heap before GC invocations=11 (full 0):
 garbage-first heap   total 131072K, used 93508K [0x0000000080000000, 0x0000000100000000)
  region size 1024K, 64 young (65536K), 3 survivors (3072K)
 Metaspace       used 49584K, capacity 50989K, committed 51280K, reserved 561152K
  class space    used 6410K, capacity 6940K, committed 7040K, reserved 516096K
}
Event: 366.986 GC heap after
{Heap after GC invocations=12 (full 0):
 garbage-first heap   total 131072K, used 32444K [0x0000000080000000, 0x0000000100000000)
  region size 1024K, 5 young (5120K), 5 survivors (5120K)
 Metaspace       used 49584K, capacity 50989K, committed 51280K, reserved 561152K
  class space    used 6410K, capacity 6940K, committed 7040K, reserved 516096K
}

